# Logfile created on 2014-01-25 11:05:20 -0800 by logger.rb/44203
I, [2014-01-25T11:05:20.966559 #33915]  INFO -- : 0:  rake (10.1.1) from /Volumes/DATI/Users/Shogun/.rvm/gems/ruby-2.1.0/specifications/rake-10.1.1.gemspec
I, [2014-01-25T11:05:20.966951 #33915]  INFO -- : 0:  i18n (0.6.9) from /Volumes/DATI/Users/Shogun/.rvm/gems/ruby-2.1.0/specifications/i18n-0.6.9.gemspec
I, [2014-01-25T11:05:20.967274 #33915]  INFO -- : 0:  multi_json (1.8.2) from /Volumes/DATI/Users/Shogun/.rvm/gems/ruby-2.1.0/specifications/multi_json-1.8.2.gemspec
I, [2014-01-25T11:05:20.967597 #33915]  INFO -- : 0:  activesupport (3.2.16) from /Volumes/DATI/Users/Shogun/.rvm/gems/ruby-2.1.0/specifications/activesupport-3.2.16.gemspec
I, [2014-01-25T11:05:20.967897 #33915]  INFO -- : 0:  atomic (1.1.14) from /Volumes/DATI/Users/Shogun/.rvm/gems/ruby-2.1.0/specifications/atomic-1.1.14.gemspec
I, [2014-01-25T11:05:20.968183 #33915]  INFO -- : 0:  hashie (2.0.5) from /Volumes/DATI/Users/Shogun/.rvm/gems/ruby-2.1.0/specifications/hashie-2.0.5.gemspec
I, [2014-01-25T11:05:20.968474 #33915]  INFO -- : 0:  json (1.8.1) from /Volumes/DATI/Users/Shogun/.rvm/rubies/ruby-2.1.0/lib/ruby/gems/2.1.0/specifications/default/json-1.8.1.gemspec
I, [2014-01-25T11:05:20.968764 #33915]  INFO -- : 0:  r18n-core (1.1.8) from /Volumes/DATI/Users/Shogun/.rvm/gems/ruby-2.1.0/specifications/r18n-core-1.1.8.gemspec
I, [2014-01-25T11:05:20.969061 #33915]  INFO -- : 0:  r18n-desktop (1.1.8) from /Volumes/DATI/Users/Shogun/.rvm/gems/ruby-2.1.0/specifications/r18n-desktop-1.1.8.gemspec
I, [2014-01-25T11:05:20.969354 #33915]  INFO -- : 0:  thread_safe (0.1.3) from /Volumes/DATI/Users/Shogun/.rvm/gems/ruby-2.1.0/specifications/thread_safe-0.1.3.gemspec
I, [2014-01-25T11:05:20.969650 #33915]  INFO -- : 0:  tzinfo (1.1.0) from /Volumes/DATI/Users/Shogun/.rvm/gems/ruby-2.1.0/specifications/tzinfo-1.1.0.gemspec
I, [2014-01-25T11:05:22.248743 #33915]  INFO -- : 0:  lazier (3.4.0) from /Volumes/DATI/Users/Shogun/.rvm/gems/ruby-2.1.0/specifications/lazier-3.4.0.gemspec
I, [2014-01-25T11:05:22.314310 #33915]  INFO -- : 0:  brauser (3.3.0) from /Volumes/DATI/Users/Shogun/Programmazione/Ruby/brauser/brauser.gemspec
I, [2014-01-25T11:05:22.314725 #33915]  INFO -- : 0:  coderay (1.1.0) from /Volumes/DATI/Users/Shogun/.rvm/gems/ruby-2.1.0/specifications/coderay-1.1.0.gemspec
I, [2014-01-25T11:05:22.315046 #33915]  INFO -- : 0:  mime-types (2.0) from /Volumes/DATI/Users/Shogun/.rvm/gems/ruby-2.1.0/specifications/mime-types-2.0.gemspec
I, [2014-01-25T11:05:22.315351 #33915]  INFO -- : 0:  rest-client (1.6.7) from /Volumes/DATI/Users/Shogun/.rvm/gems/ruby-2.1.0/specifications/rest-client-1.6.7.gemspec
I, [2014-01-25T11:05:22.315671 #33915]  INFO -- : 0:  docile (1.1.1) from /Volumes/DATI/Users/Shogun/.rvm/gems/ruby-2.1.0/specifications/docile-1.1.1.gemspec
I, [2014-01-25T11:05:22.315993 #33915]  INFO -- : 0:  simplecov-html (0.8.0) from /Volumes/DATI/Users/Shogun/.rvm/gems/ruby-2.1.0/specifications/simplecov-html-0.8.0.gemspec
I, [2014-01-25T11:05:22.316309 #33915]  INFO -- : 0:  simplecov (0.8.2) from /Volumes/DATI/Users/Shogun/.rvm/gems/ruby-2.1.0/specifications/simplecov-0.8.2.gemspec
I, [2014-01-25T11:05:22.316616 #33915]  INFO -- : 0:  tins (0.13.1) from /Volumes/DATI/Users/Shogun/.rvm/gems/ruby-2.1.0/specifications/tins-0.13.1.gemspec
I, [2014-01-25T11:05:22.316949 #33915]  INFO -- : 0:  term-ansicolor (1.2.2) from /Volumes/DATI/Users/Shogun/.rvm/gems/ruby-2.1.0/specifications/term-ansicolor-1.2.2.gemspec
I, [2014-01-25T11:05:22.317300 #33915]  INFO -- : 0:  thor (0.18.1) from /Volumes/DATI/Users/Shogun/.rvm/gems/ruby-2.1.0/specifications/thor-0.18.1.gemspec
I, [2014-01-25T11:05:22.317621 #33915]  INFO -- : 0:  coveralls (0.7.0) from /Volumes/DATI/Users/Shogun/.rvm/gems/ruby-2.1.0/specifications/coveralls-0.7.0.gemspec
I, [2014-01-25T11:05:22.317966 #33915]  INFO -- : 0:  diff-lcs (1.2.5) from /Volumes/DATI/Users/Shogun/.rvm/gems/ruby-2.1.0/specifications/diff-lcs-1.2.5.gemspec
I, [2014-01-25T11:05:22.318291 #33915]  INFO -- : 0:  github-markup (1.0.0) from /Volumes/DATI/Users/Shogun/.rvm/gems/ruby-2.1.0/specifications/github-markup-1.0.0.gemspec
I, [2014-01-25T11:05:22.318633 #33915]  INFO -- : 0:  kramdown (1.3.1) from /Volumes/DATI/Users/Shogun/.rvm/gems/ruby-2.1.0/specifications/kramdown-1.3.1.gemspec
I, [2014-01-25T11:05:22.318974 #33915]  INFO -- : 0:  method_source (0.8.2) from /Volumes/DATI/Users/Shogun/.rvm/gems/ruby-2.1.0/specifications/method_source-0.8.2.gemspec
I, [2014-01-25T11:05:22.319275 #33915]  INFO -- : 0:  slop (3.4.7) from /Volumes/DATI/Users/Shogun/.rvm/gems/ruby-2.1.0/specifications/slop-3.4.7.gemspec
I, [2014-01-25T11:05:22.319610 #33915]  INFO -- : 0:  pry (0.9.12.4) from /Volumes/DATI/Users/Shogun/.rvm/gems/ruby-2.1.0/specifications/pry-0.9.12.4.gemspec
I, [2014-01-25T11:05:22.319953 #33915]  INFO -- : 0:  rspec-core (2.14.7) from /Volumes/DATI/Users/Shogun/.rvm/gems/ruby-2.1.0/specifications/rspec-core-2.14.7.gemspec
I, [2014-01-25T11:05:22.320287 #33915]  INFO -- : 0:  rspec-expectations (2.14.4) from /Volumes/DATI/Users/Shogun/.rvm/gems/ruby-2.1.0/specifications/rspec-expectations-2.14.4.gemspec
I, [2014-01-25T11:05:22.320629 #33915]  INFO -- : 0:  rspec-mocks (2.14.4) from /Volumes/DATI/Users/Shogun/.rvm/gems/ruby-2.1.0/specifications/rspec-mocks-2.14.4.gemspec
I, [2014-01-25T11:05:22.320948 #33915]  INFO -- : 0:  rspec (2.14.1) from /Volumes/DATI/Users/Shogun/.rvm/gems/ruby-2.1.0/specifications/rspec-2.14.1.gemspec
I, [2014-01-25T11:05:22.321279 #33915]  INFO -- : 0:  yard (0.8.7.3) from /Volumes/DATI/Users/Shogun/.rvm/gems/ruby-2.1.0/specifications/yard-0.8.7.3.gemspec
I, [2014-01-25T11:05:22.321627 #33915]  INFO -- : 0:  bundler (1.5.1) from /Volumes/DATI/Users/Shogun/.rvm/gems/ruby-2.1.0/specifications/bundler-1.5.1.gemspec
I, [2014-01-25T11:05:57.857738 #34001]  INFO -- : 0:  rake (10.1.1) from /Volumes/DATI/Users/Shogun/.rvm/gems/ruby-2.1.0/specifications/rake-10.1.1.gemspec
I, [2014-01-25T11:05:57.858204 #34001]  INFO -- : 0:  i18n (0.6.9) from /Volumes/DATI/Users/Shogun/.rvm/gems/ruby-2.1.0/specifications/i18n-0.6.9.gemspec
I, [2014-01-25T11:05:57.858518 #34001]  INFO -- : 0:  multi_json (1.8.4) from /Volumes/DATI/Users/Shogun/.rvm/gems/ruby-2.1.0/specifications/multi_json-1.8.4.gemspec
I, [2014-01-25T11:05:57.858821 #34001]  INFO -- : 0:  activesupport (3.2.16) from /Volumes/DATI/Users/Shogun/.rvm/gems/ruby-2.1.0/specifications/activesupport-3.2.16.gemspec
I, [2014-01-25T11:05:57.859128 #34001]  INFO -- : 0:  atomic (1.1.14) from /Volumes/DATI/Users/Shogun/.rvm/gems/ruby-2.1.0/specifications/atomic-1.1.14.gemspec
I, [2014-01-25T11:05:57.859412 #34001]  INFO -- : 0:  hashie (2.0.5) from /Volumes/DATI/Users/Shogun/.rvm/gems/ruby-2.1.0/specifications/hashie-2.0.5.gemspec
I, [2014-01-25T11:05:57.859689 #34001]  INFO -- : 0:  json (1.8.1) from /Volumes/DATI/Users/Shogun/.rvm/rubies/ruby-2.1.0/lib/ruby/gems/2.1.0/specifications/default/json-1.8.1.gemspec
I, [2014-01-25T11:05:57.859996 #34001]  INFO -- : 0:  r18n-core (1.1.8) from /Volumes/DATI/Users/Shogun/.rvm/gems/ruby-2.1.0/specifications/r18n-core-1.1.8.gemspec
I, [2014-01-25T11:05:57.860284 #34001]  INFO -- : 0:  r18n-desktop (1.1.8) from /Volumes/DATI/Users/Shogun/.rvm/gems/ruby-2.1.0/specifications/r18n-desktop-1.1.8.gemspec
I, [2014-01-25T11:05:57.860562 #34001]  INFO -- : 0:  thread_safe (0.1.3) from /Volumes/DATI/Users/Shogun/.rvm/gems/ruby-2.1.0/specifications/thread_safe-0.1.3.gemspec
I, [2014-01-25T11:05:57.860883 #34001]  INFO -- : 0:  tzinfo (1.1.0) from /Volumes/DATI/Users/Shogun/.rvm/gems/ruby-2.1.0/specifications/tzinfo-1.1.0.gemspec
I, [2014-01-25T11:05:57.861171 #34001]  INFO -- : 0:  lazier (3.4.0) from /Volumes/DATI/Users/Shogun/.rvm/gems/ruby-2.1.0/specifications/lazier-3.4.0.gemspec
I, [2014-01-25T11:05:57.932638 #34001]  INFO -- : 0:  brauser (3.2.5) from /Volumes/DATI/Users/Shogun/Programmazione/Ruby/brauser/brauser.gemspec
I, [2014-01-25T11:05:57.933011 #34001]  INFO -- : 0:  coderay (1.1.0) from /Volumes/DATI/Users/Shogun/.rvm/gems/ruby-2.1.0/specifications/coderay-1.1.0.gemspec
I, [2014-01-25T11:05:57.933306 #34001]  INFO -- : 0:  mime-types (2.0) from /Volumes/DATI/Users/Shogun/.rvm/gems/ruby-2.1.0/specifications/mime-types-2.0.gemspec
I, [2014-01-25T11:05:57.933611 #34001]  INFO -- : 0:  rest-client (1.6.7) from /Volumes/DATI/Users/Shogun/.rvm/gems/ruby-2.1.0/specifications/rest-client-1.6.7.gemspec
I, [2014-01-25T11:05:57.933896 #34001]  INFO -- : 0:  docile (1.1.2) from /Volumes/DATI/Users/Shogun/.rvm/gems/ruby-2.1.0/specifications/docile-1.1.2.gemspec
I, [2014-01-25T11:05:57.934178 #34001]  INFO -- : 0:  simplecov-html (0.8.0) from /Volumes/DATI/Users/Shogun/.rvm/gems/ruby-2.1.0/specifications/simplecov-html-0.8.0.gemspec
I, [2014-01-25T11:05:57.934461 #34001]  INFO -- : 0:  simplecov (0.8.2) from /Volumes/DATI/Users/Shogun/.rvm/gems/ruby-2.1.0/specifications/simplecov-0.8.2.gemspec
I, [2014-01-25T11:05:57.934745 #34001]  INFO -- : 0:  tins (0.13.1) from /Volumes/DATI/Users/Shogun/.rvm/gems/ruby-2.1.0/specifications/tins-0.13.1.gemspec
I, [2014-01-25T11:05:57.935036 #34001]  INFO -- : 0:  term-ansicolor (1.2.2) from /Volumes/DATI/Users/Shogun/.rvm/gems/ruby-2.1.0/specifications/term-ansicolor-1.2.2.gemspec
I, [2014-01-25T11:05:57.935307 #34001]  INFO -- : 0:  thor (0.18.1) from /Volumes/DATI/Users/Shogun/.rvm/gems/ruby-2.1.0/specifications/thor-0.18.1.gemspec
I, [2014-01-25T11:05:57.935591 #34001]  INFO -- : 0:  coveralls (0.7.0) from /Volumes/DATI/Users/Shogun/.rvm/gems/ruby-2.1.0/specifications/coveralls-0.7.0.gemspec
I, [2014-01-25T11:05:57.935866 #34001]  INFO -- : 0:  diff-lcs (1.2.5) from /Volumes/DATI/Users/Shogun/.rvm/gems/ruby-2.1.0/specifications/diff-lcs-1.2.5.gemspec
I, [2014-01-25T11:05:57.936150 #34001]  INFO -- : 0:  github-markup (1.0.0) from /Volumes/DATI/Users/Shogun/.rvm/gems/ruby-2.1.0/specifications/github-markup-1.0.0.gemspec
I, [2014-01-25T11:05:57.936432 #34001]  INFO -- : 0:  kramdown (1.3.1) from /Volumes/DATI/Users/Shogun/.rvm/gems/ruby-2.1.0/specifications/kramdown-1.3.1.gemspec
I, [2014-01-25T11:05:57.936717 #34001]  INFO -- : 0:  method_source (0.8.2) from /Volumes/DATI/Users/Shogun/.rvm/gems/ruby-2.1.0/specifications/method_source-0.8.2.gemspec
I, [2014-01-25T11:05:57.937006 #34001]  INFO -- : 0:  slop (3.4.7) from /Volumes/DATI/Users/Shogun/.rvm/gems/ruby-2.1.0/specifications/slop-3.4.7.gemspec
I, [2014-01-25T11:05:57.937284 #34001]  INFO -- : 0:  pry (0.9.12.4) from /Volumes/DATI/Users/Shogun/.rvm/gems/ruby-2.1.0/specifications/pry-0.9.12.4.gemspec
I, [2014-01-25T11:05:57.937567 #34001]  INFO -- : 0:  rspec-core (2.14.7) from /Volumes/DATI/Users/Shogun/.rvm/gems/ruby-2.1.0/specifications/rspec-core-2.14.7.gemspec
I, [2014-01-25T11:05:57.937852 #34001]  INFO -- : 0:  rspec-expectations (2.14.4) from /Volumes/DATI/Users/Shogun/.rvm/gems/ruby-2.1.0/specifications/rspec-expectations-2.14.4.gemspec
I, [2014-01-25T11:05:57.938127 #34001]  INFO -- : 0:  rspec-mocks (2.14.4) from /Volumes/DATI/Users/Shogun/.rvm/gems/ruby-2.1.0/specifications/rspec-mocks-2.14.4.gemspec
I, [2014-01-25T11:05:57.938406 #34001]  INFO -- : 0:  rspec (2.14.1) from /Volumes/DATI/Users/Shogun/.rvm/gems/ruby-2.1.0/specifications/rspec-2.14.1.gemspec
I, [2014-01-25T11:05:57.938676 #34001]  INFO -- : 0:  yard (0.8.7.3) from /Volumes/DATI/Users/Shogun/.rvm/gems/ruby-2.1.0/specifications/yard-0.8.7.3.gemspec
I, [2014-01-25T11:05:57.938938 #34001]  INFO -- : 0:  bundler (1.5.1) from /Volumes/DATI/Users/Shogun/.rvm/gems/ruby-2.1.0/specifications/bundler-1.5.1.gemspec
